[18:12:58] [main/INFO]: Loading Minecraft 1.21.8 with Fabric Loader 0.17.2
[18:12:58] [main/INFO]: Loading 42 mods:
	- fabric-api 0.133.4+1.21.8
	   |-- fabric-api-base 0.5.0+cd8c0daa2c
	   |-- fabric-api-lookup-api-v1 1.6.101+946bf4c32c
	   |-- fabric-biome-api-v1 16.0.11+946bf4c32c
	   |-- fabric-block-api-v1 1.1.3+946bf4c32c
	   |-- fabric-block-view-api-v2 1.0.31+946bf4c32c
	   |-- fabric-command-api-v2 2.3.1+52fff9ec2c
	   |-- fabric-content-registries-v0 10.1.0+c75de69d2c
	   |-- fabric-convention-tags-v1 2.1.41+7f945d5b2c
	   |-- fabric-convention-tags-v2 2.15.6+eb5df52f2c
	   |-- fabric-crash-report-info-v1 0.3.15+946bf4c32c
	   |-- fabric-data-attachment-api-v1 1.8.13+38b5f74e2c
	   |-- fabric-data-generation-api-v1 23.2.7+0b1ef9762c
	   |-- fabric-dimensions-v1 4.0.20+948fc79a2c
	   |-- fabric-entity-events-v1 2.1.2+c9e472732c
	   |-- fabric-events-interaction-v0 4.0.25+946bf4c32c
	   |-- fabric-game-rule-api-v1 1.0.73+c64c9c5b2c
	   |-- fabric-item-api-v1 11.5.0+02ce13f42c
	   |-- fabric-item-group-api-v1 4.2.14+c5f9bbc12c
	   |-- fabric-key-binding-api-v1 1.0.65+946bf4c32c
	   |-- fabric-lifecycle-events-v1 2.6.4+db4dfd852c
	   |-- fabric-loot-api-v2 3.0.56+3f89f5a52c
	   |-- fabric-loot-api-v3 2.0.3+946bf4c32c
	   |-- fabric-message-api-v1 6.1.2+946bf4c32c
	   |-- fabric-model-loading-api-v1 5.2.7+946bf4c32c
	   |-- fabric-networking-api-v1 5.0.3+4ddbf91b2c
	   |-- fabric-object-builder-api-v1 21.1.9+946bf4c32c
	   |-- fabric-particles-v1 4.1.9+946bf4c32c
	   |-- fabric-recipe-api-v1 8.1.16+946bf4c32c
	   |-- fabric-registry-sync-v0 6.1.29+946bf4c32c
	   |-- fabric-renderer-api-v1 7.0.4+208eed172c
	   |-- fabric-renderer-indigo 4.0.4+946bf4c32c
	   |-- fabric-rendering-fluids-v1 3.1.31+fa6cb72b2c
	   |-- fabric-rendering-v1 12.5.1+fbe231d52c
	   |-- fabric-resource-conditions-api-v1 5.0.25+98e6d6db2c
	   |-- fabric-resource-loader-v0 3.1.12+020423442c
	   |-- fabric-screen-api-v1 2.1.1+277ecf7d2c
	   |-- fabric-screen-handler-api-v1 1.3.138+946bf4c32c
	   |-- fabric-serialization-api-v1 1.0.0+fc0e5aba2c
	   |-- fabric-sound-api-v1 1.0.42+946bf4c32c
	   |-- fabric-tag-api-v1 1.2.2+946bf4c32c
	   |-- fabric-transfer-api-v1 6.0.6+946bf4c32c
	   \-- fabric-transitive-access-wideners-v1 6.5.0+c847ce762c
	- fabricloader 0.17.2
	   \-- mixinextras 0.5.0
	- fabricproxy-lite 2.10.1
	   \-- com_moandjiezana_toml_toml4j 0.7.2
	- java 25
	- minecraft 1.21.8
[18:12:58] [main/INFO]: SpongePowered MIXIN Subsystem Version=0.8.7 Source=file:/C:/Users/Joshua/Documents/MCserver/JoooshShack/Lobby/libraries/net/fabricmc/sponge-mixin/0.16.3+mixin.0.8.7/sponge-mixin-0.16.3+mixin.0.8.7.jar Service=Knot/Fabric Env=SERVER
[18:12:58] [main/INFO]: Compatibility level set to JAVA_21
[18:12:59] [main/INFO]: Initializing MixinExtras via com.llamalad7.mixinextras.service.MixinExtrasServiceImpl(version=0.5.0).
[18:13:09] [main/INFO]: Environment: Environment[sessionHost=https://sessionserver.mojang.com, servicesHost=https://api.minecraftservices.com, name=PROD]
[18:13:12] [main/INFO]: Loaded 1407 recipes
[18:13:12] [main/INFO]: Loaded 1520 advancements
[18:13:12] [main/INFO]: Applied 0 biome modifications to 0 of 65 new biomes in 1.621 ms
[18:13:12] [Server thread/INFO]: Starting minecraft server version 1.21.8
[18:13:12] [Server thread/INFO]: Loading properties
[18:13:12] [Server thread/INFO]: Default game type: SURVIVAL
[18:13:12] [Server thread/INFO]: Generating keypair
[18:13:12] [Server thread/INFO]: Starting Minecraft server on *:25565
[18:13:12] [Server thread/INFO]: Using default channel type
[18:13:13] [Server thread/WARN]: **** SERVER IS RUNNING IN OFFLINE/INSECURE MODE!
[18:13:13] [Server thread/WARN]: The server will make no attempt to authenticate usernames. Beware.
[18:13:13] [Server thread/WARN]: While this makes the game possible to play without internet access, it also opens up the ability for hackers to connect with any username they choose.
[18:13:13] [Server thread/WARN]: To change this, set "online-mode" to "true" in the server.properties file.
[18:13:13] [Server thread/INFO]: Preparing level "JoooshShack"
[18:13:13] [Server thread/INFO]: Preparing start region for dimension minecraft:overworld
[18:13:17] [Worker-Main-3/INFO]: Preparing spawn area: 0%
[18:13:17] [Worker-Main-3/INFO]: Preparing spawn area: 0%
[18:13:17] [Worker-Main-3/INFO]: Preparing spawn area: 0%
[18:13:17] [Worker-Main-3/INFO]: Preparing spawn area: 0%
[18:13:17] [Worker-Main-3/INFO]: Preparing spawn area: 0%
[18:13:17] [Worker-Main-3/INFO]: Preparing spawn area: 0%
[18:13:17] [Worker-Main-3/INFO]: Preparing spawn area: 0%
[18:13:17] [Worker-Main-3/INFO]: Preparing spawn area: 0%
[18:13:17] [Worker-Main-1/INFO]: Preparing spawn area: 61%
[18:13:17] [Server thread/INFO]: Time elapsed: 4126 ms
[18:13:17] [Server thread/INFO]: Done (4.534s)! For help, type "help"
[18:14:17] [Server thread/INFO]: Server empty for 60 seconds, pausing
[18:15:03] [Server thread/INFO]: 7helena[/127.0.0.1:64808] logged in with entity id 77 at (-1.354484329801171, 121.0, 48.2110783685732)
[18:15:04] [Server thread/INFO]: 7helena joined the game
[18:15:10] [Server thread/WARN]: Can't keep up! Is the server overloaded? Running 2156ms or 43 ticks behind
[18:15:18] [Server thread/INFO]: 7helena lost connection: Disconnected
[18:15:18] [Server thread/INFO]: 7helena left the game
[18:16:18] [Server thread/INFO]: Server empty for 60 seconds, pausing
[18:16:28] [Server thread/INFO]: Stopping the server
[18:16:28] [Server thread/INFO]: Stopping server
[18:16:28] [Server thread/INFO]: Saving players
[18:16:28] [Server thread/INFO]: Saving worlds
[18:16:28] [Server thread/INFO]: Saving chunks for level 'ServerLevel[JoooshShack]'/minecraft:overworld
[18:16:28] [Server thread/INFO]: Saving chunks for level 'ServerLevel[JoooshShack]'/minecraft:the_end
[18:16:28] [Server thread/INFO]: Saving chunks for level 'ServerLevel[JoooshShack]'/minecraft:the_nether
[18:16:28] [Server thread/INFO]: ThreadedAnvilChunkStorage (JoooshShack): All chunks are saved
[18:16:28] [Server thread/INFO]: ThreadedAnvilChunkStorage (DIM1): All chunks are saved
[18:16:28] [Server thread/INFO]: ThreadedAnvilChunkStorage (DIM-1): All chunks are saved
[18:16:28] [Server thread/INFO]: ThreadedAnvilChunkStorage: All dimensions are saved
