[18:14:46] [main/INFO] [com.velocitypowered.proxy.VelocityServer]: Booting up Velocity 3.4.0-SNAPSHOT (git-ba014927-b539)...
[18:14:46] [main/INFO] [com.velocitypowered.proxy.VelocityServer]: Loading localizations...
[18:14:47] [main/INFO] [com.velocitypowered.proxy.network.ConnectionManager]: Connections will use NIO channels, Java compression, Java ciphers
[18:14:47] [main/INFO] [com.velocitypowered.proxy.VelocityServer]: Loading plugins...
[18:14:48] [main/INFO] [com.velocitypowered.proxy.plugin.VelocityPluginManager]: Loaded plugin plan 5.6 build 2965 by AuroraLS3
[18:14:48] [main/INFO] [com.velocitypowered.proxy.VelocityServer]: Loaded 2 plugins
[18:14:50] [Plan - Task Executor #0/INFO] [plan]: §2
[18:14:50] [Plan - Task Executor #0/INFO] [plan]: §2           ██▌
[18:14:50] [Plan - Task Executor #0/INFO] [plan]: §2     ██▌   ██▌
[18:14:50] [Plan - Task Executor #0/INFO] [plan]: §2  ██▌██▌██▌██▌  §2Player Analytics
[18:14:50] [Plan - Task Executor #0/INFO] [plan]: §2  ██▌██▌██▌██▌  §fv5.6 build 2965
[18:14:50] [Plan - Task Executor #0/INFO] [plan]: §2
[18:14:50] [Plan - Task Executor #0/INFO] [plan]: Config: Moved Webserver.Alternative_IP to Webserver.Alternative_IP.Enabled
[18:14:50] [Plan - Task Executor #0/INFO] [plan]: Config: Moved Webserver.Security.IP_whitelist to Webserver.Security.IP_whitelist.Enabled
[18:14:50] [Plan - Task Executor #0/INFO] [plan]: Config: Moved Export.Server_refresh_period to Export.Server_refresh_period.Time
[18:14:50] [Plan - Task Executor #0/INFO] [plan]: Config: Moved Webserver.Security.Cookies_expire_after to Webserver.Security.Cookies_expire_after.Time
[18:14:50] [Plan - Task Executor #0/INFO] [plan]: Config: Moved Webserver.Cache.Reduced_refresh_barrier to Webserver.Cache.Reduced_refresh_barrier.Time
[18:14:50] [Plan - Task Executor #0/INFO] [plan]: Config: Moved Webserver.Cache.Invalidate_disk_cache_after to Webserver.Cache.Invalidate_disk_cache_after.Time
[18:14:50] [Plan - Task Executor #0/INFO] [plan]: Config: Moved Webserver.Cache.Invalidate_memory_cache_after to Webserver.Cache.Invalidate_memory_cache_after.Time
[18:14:50] [Plan - Task Executor #0/INFO] [plan]: Config: Moved Webserver.Cache.Invalidate_query_results_on_disk_after to Webserver.Cache.Invalidate_query_results_on_disk_after.Time
[18:14:50] [Plan - Task Executor #0/INFO] [plan]: Config: Moved Time.Thresholds.Remove_disabled_extension_data_after to Time.Thresholds.Remove_disabled_extension_data_after.Time
[18:14:50] [Plan - Task Executor #0/INFO] [plan]: Config: Moved Time.Thresholds.Remove_time_series_data_after to Time.Thresholds.Remove_time_series_data_after.Time
[18:14:50] [Plan - Task Executor #0/INFO] [plan]: Config: Moved Time.Thresholds.Remove_ping_data_after to Time.Thresholds.Remove_ping_data_after.Time
[18:14:50] [Plan - Task Executor #0/INFO] [plan]: Config: Moved Time.Thresholds.AFK_threshold to Time.Thresholds.AFK_threshold.Time
[18:14:50] [Plan - Task Executor #0/INFO] [plan]: Config: Moved Time.Thresholds.Remove_inactive_player_data_after to Time.Thresholds.Remove_inactive_player_data_after.Time
[18:14:50] [Plan - Task Executor #0/INFO] [plan]: Config: Moved Time.Periodic_tasks.Extension_data_refresh_every to Time.Periodic_tasks.Extension_data_refresh_every.Time
[18:14:50] [Plan - Task Executor #0/INFO] [plan]: Config: Moved Time.Periodic_tasks.Check_DB_for_server_config_files_every to Time.Periodic_tasks.Check_DB_for_server_config_files_every.Time
[18:14:50] [Plan - Task Executor #0/INFO] [plan]: Config: Moved Time.Periodic_tasks.Clean_Database_every to Time.Periodic_tasks.Clean_Database_every.Time
[18:14:50] [Plan - Task Executor #0/INFO] [plan]: Config: Moved Time.Delays.Ping_server_enable_delay to Time.Delays.Ping_server_enable_delay.Time
[18:14:50] [Plan - Task Executor #0/INFO] [plan]: Config: Moved Time.Delays.Ping_player_join_delay to Time.Delays.Ping_player_join_delay.Time
[18:14:50] [Plan - Task Executor #0/INFO] [plan]: Config: Moved Time.Delays.Wait_for_DB_Transactions_on_disable to Time.Delays.Wait_for_DB_Transactions_on_disable.Time
[18:14:50] [Plan - Task Executor #0/INFO] [plan]: Config: Moved Time.Thresholds.Activity_index.Playtime_threshold to Time.Thresholds.Activity_index.Playtime_threshold.Time
[18:14:50] [Plan - Task Executor #0/INFO] [plan]: Locale: 'English' by AuroraLS3
[18:14:50] [Plan - Task Executor #0/INFO] [plan]: Downloading MySQL Driver, this may take a while...
[18:14:51] [Plan - Task Executor #1/INFO] [plan]: You're using the latest version.
[18:14:54] [Plan - Task Executor #0/ERROR] [plan]: ----------------------------------------
[18:14:54] [Plan - Task Executor #0/ERROR] [plan]: Error: Failed to start MySQL: Communications link failure. Plan could not connect to MySQL-
- Check that database address 'localhost:3306' accessible.
- Check that database called 'Plan' exists inside MySQL.
- Check that MySQL user 'root' has privileges to access the database.
- Check that other MySQL settings in Plan config correct.
  More help: https://github.com/plan-player-analytics/Plan/wiki/Bungee-Set-Up#step-2-create-a-mysql-database-for-plan
[18:14:54] [Plan - Task Executor #0/ERROR] [plan]: ----------------------------------------
[18:14:54] [Plan - Task Executor #0/ERROR] [plan]: Plugin Failed to Initialize Correctly. If this issue is caused by config settings you can use /planvelocity reload
[18:14:54] [Plan - Task Executor #0/INFO] [plan]: Processing complete.
[18:14:54] [Plan - Task Executor #0/INFO] [plan]: Waiting for unfinished transactions to avoid data loss..
[18:14:54] [Plan - Task Executor #0/INFO] [plan]: Transaction queue closed.
[18:14:54] [Plan - Task Executor #0/INFO] [plan]: Player Analytics Disabled.
[18:14:54] [Netty NIO Boss #0/INFO] [com.velocitypowered.proxy.network.ConnectionManager]: Listening on /[0:0:0:0:0:0:0:0]:25564
[18:14:54] [main/INFO] [com.velocitypowered.proxy.Velocity]: Done (9.43s)!
[18:15:02] [Netty NIO Worker #1/INFO] [com.velocitypowered.proxy.connection.client.AuthSessionHandler]: [connected player] 7helena (/127.0.0.1:64804) has connected
[18:15:02] [Netty NIO Worker #1/INFO] [com.velocitypowered.proxy.connection.MinecraftConnection]: [server connection] 7helena -> lobby has connected
[18:15:17] [Netty NIO Worker #1/INFO] [com.velocitypowered.proxy.connection.MinecraftConnection]: [server connection] 7helena -> adventure has connected
[18:15:18] [Netty NIO Worker #1/INFO] [com.velocitypowered.proxy.connection.MinecraftConnection]: [server connection] 7helena -> lobby has disconnected
[18:16:18] [Netty NIO Worker #1/INFO] [com.velocitypowered.proxy.connection.MinecraftConnection]: [connected player] 7helena (/127.0.0.1:64804) has disconnected
[18:16:18] [Netty NIO Worker #1/INFO] [com.velocitypowered.proxy.connection.MinecraftConnection]: [server connection] 7helena -> adventure has disconnected
[18:16:23] [Thread-1/INFO] [com.velocitypowered.proxy.VelocityServer]: Shutting down the proxy...
[18:16:23] [Thread-1/INFO] [com.velocitypowered.proxy.network.ConnectionManager]: Closing endpoint /0.0.0.0:25564
